2026-05-08 22:57:22.246 [info] [Debug - 22:57:22.246] [sonarlint : SonarLint Server RPC request executor] Post: SonarLint Server RPC request executor 136
2026-05-08 22:57:22.246 [info] [Debug - 22:57:22.246] [sonarlint : SonarLint Server RPC request executor] Posting command from Scheduler: org.sonarsource.sonarlint.core.analysis.command.AnalyzeCommand@c3ae411
2026-05-08 22:57:22.246 [info] [Debug - 22:57:22.246] [sonarlint : SonarLint Server RPC request executor] Posting command from Scheduler to queue: org.sonarsource.sonarlint.core.analysis.command.AnalyzeCommand@c3ae411
2026-05-08 22:57:22.247 [info] [Debug - 22:57:22.246] [sonarlint : SonarLint Server RPC request executor] Posting command in analysis queue: org.sonarsource.sonarlint.core.analysis.command.AnalyzeCommand@c3ae411, new size is 1
2026-05-08 22:57:22.247 [info] [Debug - 22:57:22.246] [sonarlint : sonarlint-analysis-scheduler] Picked command from the queue: org.sonarsource.sonarlint.core.analysis.command.AnalyzeCommand@c3ae411, 0 remaining
2026-05-08 22:57:22.247 [info] [Info - 22:57:22.247] [sonarlint : sonarlint-analysis-scheduler] .gitignore file was not found for /home/godardo/git/sonar_bug
2026-05-08 22:57:22.249 [info] [Info - 22:57:22.249] [sonarlint : sonarlint-analysis-scheduler] Starting analysis with configuration: [
  baseDir: /home/godardo/git/sonar_bug
  extraProperties: {sonar.cfamily.compile-commands=/home/godardo/git/sonar_bug/compile_commands.json, sonar.js.internal.bundlePath=/home/godardo/.vscode-server/extensions/sonarsource.sonarlint-vscode-5.2.1-linux-x64/eslint-bridge}
  activeRules: [19 kubernetes, 312 python, 439 cpp, 192 c, 22 go, 294 ipython, 30 secrets, 18 docker, 517 java, 50 Web, 15 xml, 305 csharpsquid, 170 php, 29 terraform, 21 azureresourcemanager, 17 cloudformation]
  inputFiles: [
    file:///home/godardo/git/sonar_bug/src/c%2B%2B/main.cpp (UTF-8) [cpp]
  ]
]

2026-05-08 22:57:22.253 [info] [Debug - 22:57:22.252] [sonarlint : sonarlint-analysis-scheduler] Using native git blame
2026-05-08 22:57:22.255 [info] [Debug - 22:57:22.255] [sonarlint : sonarlint-analysis-scheduler] fatal: no such path 'src/c%2B%2B/main.cpp' in HEAD
2026-05-08 22:57:22.255 [info] [Debug - 22:57:22.255] [sonarlint : sonarlint-analysis-scheduler] Command failed with code: 128
2026-05-08 22:57:22.255 [info] [Debug - 22:57:22.255] [sonarlint : sonarlint-analysis-scheduler] Blamed 1 files in 3ms
2026-05-08 22:57:22.260 [info] [Debug - 22:57:22.259] [com.sonar.cpp.plugin.CFamilyPlugin : sonarlint-analysis-scheduler] A3S context collection is not provided by runtime: running in SonarQube for IDE
2026-05-08 22:57:22.266 [info] [Debug - 22:57:22.266] [sonarlint : sonarlint-analysis-scheduler] Start analysis
2026-05-08 22:57:22.269 [info] [Info - 22:57:22.269] [sonarlint : sonarlint-analysis-scheduler] Index files
2026-05-08 22:57:22.269 [info] [Debug - 22:57:22.269] [sonarlint : sonarlint-analysis-scheduler] Language of file "file:///home/godardo/git/sonar_bug/src/c%2B%2B/main.cpp" is set to "CPP"
2026-05-08 22:57:22.269 [info] [Info - 22:57:22.269] [sonarlint : Report about progress of file indexation] 1 file indexed
2026-05-08 22:57:22.280 [info] [Debug - 22:57:22.280] [org.sonar.java.SonarComponents : sonarlint-analysis-scheduler] Registered check: [XmlValidatedSignatureCheck (java:S6377), MinMaxRangeCheck (java:S3065), RedundantAssignmentsCheck (java:S4165), DenialOfServiceXMLCheck (java:S6376), ConditionalUnreachableCodeCheck (java:S2583), AllowXMLInclusionCheck (java:S6373), UnclosedResourcesCheck (java:S2095), MapComputeIfAbsentOrPresentCheck (java:S3824), NonNullSetToNullCheck (java:S2637), InvariantReturnCheck (java:S3516), StreamConsumedCheck (java:S3959), StreamNotConsumedCheck (java:S3958), DivisionByZeroCheck (java:S3518), BooleanGratuitousExpressionsCheck (java:S2589), NullDereferenceCheck (java:S2259), OptionalGetBeforeIsPresentCheck (java:S3655), XxeProcessingCheck (java:S2755), ObjectOutputStreamCheck (java:S2689), ParameterNullnessCheck (java:S4449), NoWayOutLoopCheck (java:S2189), LocksNotUnlockedCheck (java:S2222)]
2026-05-08 22:57:22.294 [info] [Debug - 22:57:22.293] [org.sonar.java.SonarComponents : sonarlint-analysis-scheduler] Registered check: [AbsOnNegativeCheck (java:S2676), AccessibilityChangeCheck (java:S3011), AccessibilityChangeOnRecordsCheck (java:S6216), AllBranchesAreIdenticalCheck (java:S3923), AnchorPrecedenceCheck (java:S5850), AndroidMobileDatabaseEncryptionKeysCheck (java:S6301), AnonymousClassShouldBeLambdaCheck (java:S1604), ArrayCopyLoopCheck (java:S3012), ArrayDesignatorAfterTypeCheck (java:S1195), ArrayDesignatorOnVariableCheck (java:S1197), ArrayForVarArgCheck (java:S3878), ArrayHashCodeAndToStringCheck (java:S2116), ArraysAsListOfPrimitiveToStreamCheck (java:S3631), AssertOnBooleanVariableCheck (java:S3346), AssertionsInProductionCodeCheck (java:S5960), AssertsOnParametersOfPublicMethodCheck (java:S4274), AssignmentInSubExpressionCheck (java:S1121), AsyncMethodsCalledViaThisCheck (java:S6809), AsyncMethodsOnConfigurationClassCheck (java:S6817), AsyncMethodsReturnTypeCheck (java:S6810), AuthorizationsStrongDecisionsCheck (java:S5808), AutowiredOnConstructorWhenMultipleConstructorsCheck (java:S6829), AutowiredOnMultipleConstructorsCheck (java:S6818), AvoidQualifierOnBeanMethodsCheck (java:S6831), AwsConsumerBuilderUsageCheck (java:S6244), AwsCredentialsShouldBeSetExplicitlyCheck (java:S6242), AwsLambdaSyncCallCheck (java:S6246), AwsRegionSetterCheck (java:S6262), AwsRegionShouldBeSetExplicitlyCheck (java:S6241), AwsReusableResourcesInitializedOnceCheck (java:S6243), BadClassNameCheck (java:S101), BadConstantNameCheck (java:S115), BadFieldNameCheck (java:S116), BadFieldNameStaticNonFinalCheck (java:S3008), BadInterfaceNameCheck (java:S114), BadLocalVariableNameCheck (java:S117), BadMethodNameCheck (java:S100), BadPackageNameCheck (java:S120), BadTypeParameterNameCheck (java:S119), BatchSQLStatementsCheck (java:S6912), BigDecimalDoubleConstructorCheck (java:S2111), BlockingOperationsInVirtualThreadsCheck (java:S6881), BooleanInversionCheck (java:S1940), BooleanLiteralCheck (java:S1125), BooleanMethodReturnCheck (java:S2447), BoxedBooleanExpressionsCheck (java:S5411), BrainMethodCheck (java:S6541), BufferedReaderBoilerplateCheck (java:S8450), CacheAnnotationsShouldOnlyBeAppliedToConcreteClassesCheck (java:S7180), CallOuterPrivateMethodCheck (java:S3398), CallSuperMethodFromInnerClassCheck (java:S2388), CallToDeprecatedCodeMarkedForRemovalCheck (java:S5738), CallToDeprecatedMethodCheck (java:S1874), CanonEqFlagInRegexCheck (java:S5854), CaseInsensitiveComparisonCheck (java:S1157), CastArithmeticOperandCheck (java:S2184), CatchIllegalMonitorStateExceptionCheck (java:S2235), CatchOfThrowableOrErrorCheck (java:S1181), CatchRethrowingCheck (java:S2737), ChangeMethodContractCheck (java:S2638), ChildClassShadowFieldCheck (java:S2387), CipherBlockChainingCheck (java:S3329), ClassBuilderWithMethodCheck (java:S7479), ClassComparedByNameCheck (java:S1872), ClassImportCouplingCheck (java:S6539), ClassNameInClassTransformCheck (java:S7477), ClassNamedLikeExceptionCheck (java:S2166), ClassVariableVisibilityCheck (java:S1104), ClassWithOnlyStaticMethodsInstantiationCheck (java:S2440), CloneMethodCallsSuperCloneCheck (java:S1182), CloneOverrideCheck (java:S2975), CloneableImplementingCloneCheck (java:S2157), CognitiveComplexityMethodCheck (java:S3776), CollapsibleIfCandidateCheck (java:S1066), CollectionCallingItselfCheck (java:S2114), CollectionConstructorReferenceCheck (java:S5329), CollectionImplementationReferencedCheck (java:S1319), CollectionInappropriateCallsCheck (java:S2175), CollectionIsEmptyCheck (java:S1155), CollectionSizeAndArrayLengthCheck (java:S3981), CollectionsEmptyConstantsCheck (java:S1596), CollectorsToListCheck (java:S6204), CombineCatchCheck (java:S2147), CommentedOutCodeLineCheck (java:S125), CommentsMustStartWithCorrectNumberOfSlashesCheck (java:S7476), CompareStringsBoxedTypesWithEqualsCheck (java:S4973), CompareToNotOverloadedCheck (java:S4351), CompareToResultTestCheck (java:S2200), CompareToReturnValueCheck (java:S2167), ConcatenationWithStringValueOfCheck (java:S1153), ConditionalOnNewLineCheck (java:S3972), ConfigurationBeanNamesCheck (java:S6862), ConfusingOverloadCheck (java:S2177), ConfusingVarargCheck (java:S5669), ConstantMathCheck (java:S2185), ConstantMethodCheck (java:S3400), ConstantsShouldBeStaticFinalCheck (java:S1170), ControlCharacterInLiteralCheck (java:S2479), ControllerWithRestControllerReplacementCheck (java:S6833), ControllerWithSessionAttributesCheck (java:S3753), CounterModeIVShouldNotBeReusedCheck (java:S6432), CryptographicKeySizeCheck (java:S4426), CustomSerializationMethodCheck (java:S2061), DanglingElseStatementsCheck (java:S5261), DanglingJavadocCheck (java:S8491), DateFormatWeekYearCheck (java:S3986), DateTimeFormatterMismatchCheck (java:S5917), DateUtilsTruncateCheck (java:S2718), DeadStoreCheck (java:S1854), DefaultFinisherInGathererFactoryCheck (java:S7629), DefaultPackageCheck (java:S1220), DeprecatedArgumentsCheck (java:S6355), DeprecatedTagPresenceCheck (java:S1133), DepthOfInheritanceTreeCheck (java:S110), DiamondOperatorCheck (java:S2293), DirectBeanMethodInvocationWithoutProxyCheck (java:S6838), DisallowedThreadGroupCheck (java:S3014), DoubleBraceInitializationCheck (java:S3599), DoubleCheckedLockingAssignmentCheck (java:S3064), DoubleCheckedLockingCheck (java:S2168), DoublePrefixOperatorCheck (java:S2761), DuplicateConditionIfElseIfCheck (java:S1862), DuplicatesInCharacterClassCheck (java:S5869), EmptyBlockCheck (java:S108), EmptyClassCheck (java:S2094), EmptyDatabasePasswordCheck (java:S2115), EmptyLineRegexCheck (java:S5846), EmptyMethodsCheck (java:S1186), EmptyRegexGroupCheck (java:S6331), EmptyStatementUsageCheck (java:S1116), EmptyStringRepetitionCheck (java:S5842), EncryptionAlgorithmCheck (java:S5542), EnumMapCheck (java:S1640), EnumMutableFieldCheck (java:S3066), EqualsArgumentTypeCheck (java:S2097), EqualsNotOverriddenInSubclassCheck (java:S2160), EqualsNotOverriddenWithCompareToCheck (java:S1210), EqualsOnAtomicClassCheck (java:S2204), EqualsOverriddenWithHashCodeCheck (java:S1206), EqualsParametersMarkedNonNullCheck (java:S4454), EscapeSequenceControlCharacterCheck (java:S6070), EventListenerMethodOneArgCheck (java:S7185), ExceptionsShouldBeImmutableCheck (java:S1165), ExternalizableClassConstructorCheck (java:S2060), FieldDependencyInjectionCheck (java:S6813), FieldNameMatchingTypeNameCheck (java:S1700), FilePermissionsCheck (java:S2612), FixmeTagPresenceCheck (java:S1134), FlexibleConstructorBodyValidationCheck (java:S8433), ForLoopCounterChangedCheck (java:S127), ForLoopFalseConditionCheck (java:S2252), ForLoopIncrementAndUpdateCheck (java:S1994), ForLoopIncrementSignCheck (java:S2251), ForLoopUsedAsWhileLoopCheck (java:S1264), ForLoopVariableTypeCheck (java:S4838), ForStatelessGatherersOmitInitializerCheck (java:S7482), GarbageCollectorCalledCheck (java:S1215), GetRequestedSessionIdCheck (java:S2254), GettersSettersOnRightFieldCheck (java:S4275), GraphemeClustersInClassesCheck (java:S5868), HardCodedCredentialsShouldNotBeUsedCheck (java:S6437), HardCodedPasswordCheck (java:S2068), HardCodedSecretCheck (java:S6418), HardcodedURICheck (java:S1075), HasNextCallingNextCheck (java:S1849), HiddenFieldCheck (java:S1117), IdenticalCasesInSwitchCheck (java:S1871), IdenticalOperandOnBinaryExpressionCheck (java:S1764), IgnoredOperationStatusCheck (java:S899), IgnoredReturnValueCheck (java:S2201), IgnoredStreamReturnValueCheck (java:S2674), ImmediateReverseBoxingCheck (java:S2153), ImmediatelyReturnedVariableCheck (java:S1488), ImplementsEnumerationCheck (java:S1150), ImportDeclarationOrderCheck (java:S8445), ImpossibleBackReferenceCheck (java:S6001), ImpossibleBoundariesCheck (java:S5996), InappropriateRegexpCheck (java:S2639), IncDecOnFloatingPointCheck (java:S8346), IndentationAfterConditionalCheck (java:S3973), IndexOfWithPositiveNumberCheck (java:S2692), InitBinderMethodsMustBeVoidCheck (java:S7183), InitializeSubclassFieldsBeforeSuperCheck (java:S8447), InnerClassOfNonSerializableCheck (java:S2066), InputStreamOverrideReadCheck (java:S4929), InputStreamReadCheck (java:S4517), InsecureCreateTempFileCheck (java:S5445), InstanceOfPatternMatchingCheck (java:S6201), InstanceofUsedOnExceptionCheck (java:S1193), IntegerToHexStringCheck (java:S4425), InterfaceAsConstantContainerCheck (java:S1214), InterfaceOrSuperclassShadowingCheck (java:S2176), InterruptedExceptionCheck (java:S2142), InvalidDateValuesCheck (java:S2110), InvalidRegexCheck (java:S5856), IsInstanceMethodCheck (java:S6202), IterableIteratorCheck (java:S4348), IteratorNextExceptionCheck (java:S2272), JWTWithStrongCipherCheck (java:S5659), JdbcDriverExplicitLoadingCheck (java:S4925), KeySetInsteadOfEntrySetCheck (java:S2864), KeywordAsIdentifierCheck (java:S1190), KnownCapacityHashBasedCollectionCheck (java:S6485), LDAPAuthenticatedConnectionCheck (java:S4433), LabelsShouldNotBeUsedCheck (java:S1119), LambdaOptionalParenthesisCheck (java:S1611), LambdaSingleExpressionCheck (java:S1602), LazyArgEvaluationCheck (java:S2629), LoggedRethrownExceptionsCheck (java:S2139), LoggerClassCheck (java:S3416), LongBitsToDoubleOnIntCheck (java:S2127), LoopExecutingAtMostOnceCheck (java:S1751), MainMethodSignatureCheck (java:S3051), MarkdownJavadocSyntaxCheck (java:S7474), MathClampMethodsCheck (java:S6885), MathClampRangeCheck (java:S6913), MembersDifferOnlyByCapitalizationCheck (java:S1845), MethodIdenticalImplementationsCheck (java:S4144), MethodNameSameAsClassCheck (java:S1223), MethodNamedEqualsCheck (java:S1201), MethodNamedHashcodeOrEqualCheck (java:S1221), MethodOnlyCallsSuperCheck (java:S1185), MethodParametersOrderCheck (java:S2234), MismatchPackageDirectoryCheck (java:S1598), MissingDeprecatedCheck (java:S1123), MissingOverridesInRecordWithArrayComponentCheck (java:S6218), MissingPathVariableAnnotationCheck (java:S6856), ModelAttributeNamingConventionForSpELCheck (java:S6806), ModifiersOrderCheck (java:S1124), MultilineBlocksCurlyBracesCheck (java:S2681), MultipleMainInstancesCheck (java:S8446), MultipleWhitespaceCheck (java:S6326), NestedBlocksCheck (java:S1199), NestedEnumStaticCheck (java:S2786), NestedTernaryOperatorsCheck (java:S3358), NestedTryCatchCheck (java:S1141), NioFileDeleteCheck (java:S4042), NonSerializableWriteCheck (java:S2118), NonShortCircuitLogicCheck (java:S2178), NonSingletonAutowiredInSingletonCheck (java:S6832), NonStaticClassInitializerCheck (java:S1171), NotifyCheck (java:S2446), NullCheckWithInstanceofCheck (java:S4201), NullReturnedOnComputeIfPresentOrAbsentCheck (java:S6104), NullShouldNotBeUsedWithOptionalCheck (java:S2789), NullableInjectedFieldsHaveDefaultValueCheck (java:S6816), ObjectCreatedOnlyToCallGetClassCheck (java:S2133), ObjectFinalizeCheck (java:S1111), ObjectFinalizeOverloadedCheck (java:S1175), ObjectFinalizeOverriddenCheck (java:S1113), ObjectFinalizeOverriddenNotPublicCheck (java:S1174), OmitPermittedTypesCheck (java:S6217), OneDeclarationPerLineCheck (java:S1659), OpenSAML2AuthenticationBypassCheck (java:S5679), OptionalRestParametersShouldBeObjectsCheck (java:S6814), OutputStreamOverrideWriteCheck (java:S4349), OverrideAnnotationCheck (java:S1161), OverwrittenKeyCheck (java:S4143), ParameterReassignedToCheck (java:S1226), PasswordEncoderCheck (java:S5344), PatternMatchUsingIfCheck (java:S6880), PersistentEntityUsedAsRequestParameterCheck (java:S4684), PossessiveQuantifierContinuationCheck (java:S5994), PredictableSeedCheck (java:S4347), PreferStreamAnyMatchCheck (java:S4034), PreparedStatementAndResultSetCheck (java:S2695), PreparedStatementLoopInvariantCheck (java:S6909), PresuperLogicBloatsConstructorCheck (java:S8444), PrimitiveWrappersInTernaryOperatorCheck (java:S2154), PrimitivesMarkedNullableCheck (java:S4682), PrintfFailCheck (java:S2275), PrintfMisuseCheck (java:S3457), PrivateFieldUsedLocallyCheck (java:S1450), PrivateReadResolveCheck (java:S2062), PublicConstructorInAbstractClassCheck (java:S5993), PublicStaticFieldShouldBeFinalCheck (java:S1444), PublicStaticMutableMembersCheck (java:S2386), QueryOnlyRequiredFieldsCheck (java:S6905), RandomFloatToIntCheck (java:S2140), RawByteBitwiseOperationsCheck (java:S3034), RawExceptionCheck (java:S112), RawTypeCheck (java:S3740), ReadObjectSynchronizedCheck (java:S2675), ReadlnWithPromptCheck (java:S8469), RecordInsteadOfClassCheck (java:S6206), RecordPatternInsteadOfFieldAccessCheck (java:S6878), RecordSerializationIgnoredMembersCheck (java:S6209), RedundantAbstractMethodCheck (java:S3038), RedundantCloseCheck (java:S4087), RedundantJumpCheck (java:S3626), RedundantRecordMethodsCheck (java:S6207), RedundantRegexAlternativesCheck (java:S5855), RedundantThrowsDeclarationCheck (java:S1130), RedundantTypeCastCheck (java:S1905), ReflectionOnNonRuntimeAnnotationCheck (java:S2109), RegexComplexityCheck (java:S5843), RegexLookaheadCheck (java:S6002), RegexStackOverflowCheck (java:S5998), ReleaseSensorsCheck (java:S6889), ReluctantQuantifierCheck (java:S5857), ReluctantQuantifierWithEmptyContinuationCheck (java:S6019), RemoveTypeFromUnusedPatternCheck (java:S7475), RepeatAnnotationCheck (java:S1710), ReplaceGuavaWithJavaCheck (java:S4738), ReplaceLambdaByMethodRefCheck (java:S1612), ReplaceUnusedExceptionParameterWithUnnamedPatternCheck (java:S7467), RequestMappingMethodPublicCheck (java:S3751), RestrictedIdentifiersUsageCheck (java:S6213), ResultSetIsLastCheck (java:S2232), ReturnEmptyArrayNotNullCheck (java:S1168), ReturnInFinallyCheck (java:S1143), ReturnOfBooleanExpressionsCheck (java:S1126), ReuseRandomCheck (java:S2119), ReverseSequencedCollectionCheck (java:S6877), ReversedMethodSequencedCollectionCheck (java:S6876), RunFinalizersCheck (java:S2151), ScheduledOnlyOnNoArgMethodCheck (java:S7184), ScheduledThreadPoolExecutorZeroCheck (java:S2122), ScopedValueStableReferenceCheck (java:S8465), SecureCookieCheck (java:S2092), SelfAssignmentCheck (java:S1656), SerialVersionUidInRecordCheck (java:S6219), SerializableFieldInSerializableClassCheck (java:S1948), SerializableObjectInSessionCheck (java:S2441), SerializableSuperConstructorCheck (java:S2055), ServerCertificatesCheck (java:S4830), ServletInstanceFieldCheck (java:S2226), ServletMethodsExceptionsThrownCheck (java:S1989), SeveralBreakOrContinuePerLoopCheck (java:S135), ShiftOnIntOrLongCheck (java:S2183), SillyEqualsCheck (java:S2159), SillyStringOperationsCheck (java:S2121), SimpleStringLiteralForSingleLineStringsCheck (java:S5663), SingleCharCharacterClassCheck (java:S6397), SingleCharacterAlternationCheck (java:S6035), SingleIfInsteadOfPatternMatchGuardCheck (java:S6916), SingletonUsageCheck (java:S6548), SpecializedFunctionalInterfacesCheck (java:S4276), SpelExpressionCheck (java:S6857), SpringAntMatcherOrderCheck (java:S4601), SpringBeanNamingConventionCheck (java:S6830), SpringCacheableWithCachePutCheck (java:S7179), SpringComposedRequestMappingCheck (java:S4488), SpringConfigurationWithAutowiredFieldsCheck (java:S3305), SpringIncompatibleTransactionalCheck (java:S2229), SpringScanDefaultPackageCheck (java:S4602), SpringSessionFixationCheck (java:S5876), StandardCharsetsConstantsCheck (java:S4719), StaticFieldInjectionNotSupportedCheck (java:S7178), StaticFieldUpateCheck (java:S2696), StaticFieldUpdateInConstructorCheck (java:S3010), StaticMemberAccessCheck (java:S3252), StaticMembersAccessCheck (java:S2209), StaticMultithreadedUnsafeFieldsCheck (java:S2885), StatusCodesOnResponseCheck (java:S6863), StreamPeekCheck (java:S3864), StringBufferAndBuilderConcatenationCheck (java:S3024), StringBufferAndBuilderWithCharCheck (java:S1317), StringCallsBeyondBoundsCheck (java:S3039), StringConcatToTextBlockCheck (java:S6126), StringConcatenationInLoopCheck (java:S1643), StringIndexOfRangesCheck (java:S6915), StringIsEmptyCheck (java:S7158), StringLiteralDuplicatedCheck (java:S1192), StringOffsetMethodsCheck (java:S4635), StringPrimitiveConstructorCheck (java:S2129), StringReplaceCheck (java:S5361), StringToPrimitiveConversionCheck (java:S2130), StringToStringCheck (java:S1858), StrongCipherAlgorithmCheck (java:S5547), SubClassStaticReferenceCheck (java:S2390), SunPackagesUsedCheck (java:S1191), SuperfluousCurlyBraceCheck (java:S6396), SuperfluousResponseBodyAnnotationCheck (java:S6837), SuspiciousListRemoveCheck (java:S5413), SwitchAtLeastThreeCasesCheck (java:S1301), SwitchCaseWithoutBreakCheck (java:S128), SwitchCasesShouldBeCommaSeparatedCheck (java:S6208), SwitchDefaultLastCaseCheck (java:S4524), SwitchLastCaseIsDefaultCheck (java:S131), SwitchRedundantKeywordCheck (java:S6205), SwitchWithLabelsCheck (java:S1219), SwitchWithTooManyCasesCheck (java:S1479), SyncGetterAndSetterCheck (java:S2886), SynchronizationOnGetClassCheck (java:S3067), SynchronizationOnStringOrBoxedCheck (java:S1860), SynchronizedClassUsageCheck (java:S1149), SynchronizedFieldAssignmentCheck (java:S2445), SynchronizedLockCheck (java:S2442), SynchronizedOverrideCheck (java:S3551), SystemOutOrErrUsageCheck (java:S106), TextBlockTabsAndSpacesCheck (java:S5664), TextBlocksInComplexExpressionsCheck (java:S6203), ThreadAsRunnableArgumentCheck (java:S2438), ThreadLocalCleanupCheck (java:S5164), ThreadLocalWithInitialCheck (java:S4065), ThreadOverridesRunCheck (java:S2134), ThreadRunCheck (java:S1217), ThreadSleepCheck (java:S2276), ThreadWaitCallCheck (java:S2236), ThrowsFromFinallyCheck (java:S1163), ToArrayCheck (java:S3020), ToStringReturningNullCheck (java:S2225), ToStringUsingBoxingCheck (java:S1158), TodoTagPresenceCheck (java:S1135), TooManyParametersCheck (java:S107), TransactionalMethodVisibilityCheck (java:S2230), TransientFieldInNonSerializableCheck (java:S2065), TryWithResourcesCheck (java:S2093), TwoLocksWaitCheck (java:S3046), TypeParametersShadowingCheck (java:S4977), TypeUpperBoundNotFinalCheck (java:S4968), URLHashCodeAndEqualsCheck (java:S2112), UnicodeCaseCheck (java:S5866), UnnamedVariableShouldUseVarCheck (java:S7466), UnnecessaryBitOperationCheck (java:S2437), UnnecessaryEscapeSequencesInTextBlockCheck (java:S5665), UnpredictableSaltCheck (java:S2053), UnquantifiedNonCapturingGroupCheck (java:S6395), UnreachableCatchCheck (java:S4970), UnusedCollectionCheck (java:S4030), UnusedGroupNamesCheck (java:S5860), UnusedLabelCheck (java:S1065), UnusedLocalVariableCheck (java:S1481), UnusedMethodParameterCheck (java:S1172), UnusedPrivateClassCheck (java:S3985), UnusedPrivateFieldCheck (java:S1068), UnusedPrivateMethodCheck (java:S1144), UnusedReturnedDataCheck (java:S2677), UnusedScopedValueWhereResultCheck (java:S8432), UnusedStringBuilderCheck (java:S3063), UnusedThrowableCheck (java:S3984), UnusedTypeParameterCheck (java:S2326), UseIsEmptyToTestEmptinessOfStringBuilderCheck (java:S3033), UseOfSequentialForSequentialGathererCheck (java:S7481), UsePageableParameterForPagedQueryCheck (java:S7186), UseTransformClassInsteadOfBuildCheck (java:S7478), UselessImportCheck (java:S1128), UselessIncrementCheck (java:S2123), UselessPackageInfoCheck (java:S4032), UselessParenthesesCheck (java:S1110), UtilityClassWithPublicConstructorCheck (java:S1118), ValueAnnotationShouldInjectPropertyOrSpELCheck (java:S6804), ValueBasedObjectUsedForLockCheck (java:S3436), VerboseRegexCheck (java:S6353), VerifiedServerHostnamesCheck (java:S5527), VirtualThreadNotSynchronizedCheck (java:S6906), VirtualThreadUnsupportedMethodsCheck (java:S6901), VisibleForTestingUsageCheck (java:S5803), VolatileNonPrimitiveFieldCheck (java:S3077), VolatileVariablesOperationsCheck (java:S3078), WaitInSynchronizeCheck (java:S2273), WaitInWhileLoopCheck (java:S2274), WaitOnConditionCheck (java:S1844), WeakSSLContextCheck (java:S4423), WildcardReturnParameterTypeCheck (java:S1452), WriteObjectTheOnlySynchronizedMethodCheck (java:S3042), WrongAssignmentOperatorCheck (java:S2757), XxeActiveMQCheck (java:S5301)]
2026-05-08 22:57:22.294 [info] [Debug - 22:57:22.294] [org.sonar.java.SonarComponents : sonarlint-analysis-scheduler] Registered check: [ArrayDesignatorOnVariableCheck (java:S1197), AssertJApplyConfigurationCheck (java:S5831), AssertJAssertionsInConsumerCheck (java:S6103), AssertJChainSimplificationCheck (java:S5838), AssertJConsecutiveAssertionCheck (java:S5853), AssertJContextBeforeAssertionCheck (java:S5833), AssertJTestForEmptinessCheck (java:S5841), AssertThatThrownByAloneCheck (java:S5958), AssertTrueInsteadOfDedicatedAssertCheck (java:S5785), AssertionArgumentOrderCheck (java:S3415), AssertionCompareToSelfCheck (java:S5863), AssertionInThreadRunCheck (java:S2186), AssertionInTryCatchCheck (java:S5779), AssertionTypesCheck (java:S5845), AssertionsCompletenessCheck (java:S2970), AssertionsInTestsCheck (java:S2699), BadConstantNameCheck (java:S115), BadFieldNameCheck (java:S116), BadFieldNameStaticNonFinalCheck (java:S3008), BadInterfaceNameCheck (java:S114), BadLocalVariableNameCheck (java:S117), BadTestClassNameCheck (java:S3577), BadTypeParameterNameCheck (java:S119), BeforeAndAfterTransactionContractCheck (java:S7190), BooleanInversionCheck (java:S1940), BufferedReaderBoilerplateCheck (java:S8450), CallSuperInTestCaseCheck (java:S2188), CallToDeprecatedCodeMarkedForRemovalCheck (java:S5738), CallToDeprecatedMethodCheck (java:S1874), ClassBuilderWithMethodCheck (java:S7479), ClassComparedByNameCheck (java:S1872), ClassNameInClassTransformCheck (java:S7477), CollapsibleIfCandidateCheck (java:S1066), CollectorsToListCheck (java:S6204), CombineCatchCheck (java:S2147), CommentedOutCodeLineCheck (java:S125), CommentsMustStartWithCorrectNumberOfSlashesCheck (java:S7476), ConstantMathCheck (java:S2185), DanglingJavadocCheck (java:S8491), DeadStoreCheck (java:S1854), DefaultFinisherInGathererFactoryCheck (java:S7629), DefaultPackageCheck (java:S1220), DirtyContextShouldUseCorrectControlModeCheck (java:S7177), DoubleCheckedLockingCheck (java:S2168), DuplicateConditionIfElseIfCheck (java:S1862), EmptyBlockCheck (java:S108), EmptyMethodsCheck (java:S1186), EmptyStatementUsageCheck (java:S1116), EnumMapCheck (java:S1640), EventListenerMethodOneArgCheck (java:S7185), ExpectedExceptionCheck (java:S5776), FixmeTagPresenceCheck (java:S1134), FlexibleConstructorBodyValidationCheck (java:S8433), ForLoopIncrementAndUpdateCheck (java:S1994), ForStatelessGatherersOmitInitializerCheck (java:S7482), HasNextCallingNextCheck (java:S1849), HiddenFieldCheck (java:S1117), IdenticalCasesInSwitchCheck (java:S1871), IgnoredTestsCheck (java:S1607), ImmediateReverseBoxingCheck (java:S2153), ImmediatelyReturnedVariableCheck (java:S1488), ImportDeclarationOrderCheck (java:S8445), IncDecOnFloatingPointCheck (java:S8346), InitBinderMethodsMustBeVoidCheck (java:S7183), InitializeSubclassFieldsBeforeSuperCheck (java:S8447), JUnit45MethodAnnotationCheck (java:S5826), JUnit5DefaultPackageClassAndMethodCheck (java:S5786), JUnit5SilentlyIgnoreClassAndMethodCheck (java:S5810), JUnitCompatibleAnnotationsCheck (java:S5967), JunitNestedAnnotationCheck (java:S5790), LambdaOptionalParenthesisCheck (java:S1611), LoopExecutingAtMostOnceCheck (java:S1751), MarkdownJavadocSyntaxCheck (java:S7474), MethodIdenticalImplementationsCheck (java:S4144), MethodNameSameAsClassCheck (java:S1223), MismatchPackageDirectoryCheck (java:S1598), MockingAllMethodsCheck (java:S5969), MockitoEqSimplificationCheck (java:S6068), ModifiersOrderCheck (java:S1124), MultipleMainInstancesCheck (java:S8446), NoTestInTestClassCheck (java:S2187), NonShortCircuitLogicCheck (java:S2178), ObjectCreatedOnlyToCallGetClassCheck (java:S2133), OneExpectedCheckedExceptionCheck (java:S5783), OneExpectedRuntimeExceptionCheck (java:S5778), OverrideAnnotationCheck (java:S1161), ParameterizedTestCheck (java:S5976), PresuperLogicBloatsConstructorCheck (java:S8444), PrimitiveWrappersInTernaryOperatorCheck (java:S2154), PrintfMisuseCheck (java:S3457), RandomFloatToIntCheck (java:S2140), ReadlnWithPromptCheck (java:S8469), RedundantThrowsDeclarationCheck (java:S1130), RemoveTypeFromUnusedPatternCheck (java:S7475), RepeatAnnotationCheck (java:S1710), ReplaceGuavaWithJavaCheck (java:S4738), ReplaceLambdaByMethodRefCheck (java:S1612), ReplaceUnusedExceptionParameterWithUnnamedPatternCheck (java:S7467), RestrictedIdentifiersUsageCheck (java:S6213), ScheduledOnlyOnNoArgMethodCheck (java:S7184), ScopedValueStableReferenceCheck (java:S8465), SelfAssignmentCheck (java:S1656), ShiftOnIntOrLongCheck (java:S2183), StringConcatToTextBlockCheck (java:S6126), StringConcatenationInLoopCheck (java:S1643), StringIsEmptyCheck (java:S7158), StringToPrimitiveConversionCheck (java:S2130), StringToStringCheck (java:S1858), SwitchCaseWithoutBreakCheck (java:S128), SwitchCasesShouldBeCommaSeparatedCheck (java:S6208), SwitchLastCaseIsDefaultCheck (java:S131), TestAnnotationWithExpectedExceptionCheck (java:S5777), TestsStabilityCheck (java:S5973), ThreadSleepInTestsCheck (java:S2925), TodoTagPresenceCheck (java:S1135), TooManyAssertionsCheck (java:S5961), TryWithResourcesCheck (java:S2093), UnnamedVariableShouldUseVarCheck (java:S7466), UnusedCollectionCheck (java:S4030), UnusedLocalVariableCheck (java:S1481), UnusedMethodParameterCheck (java:S1172), UnusedPrivateFieldCheck (java:S1068), UnusedPrivateMethodCheck (java:S1144), UnusedScopedValueWhereResultCheck (java:S8432), UnusedTestRuleCheck (java:S2924), UseOfSequentialForSequentialGathererCheck (java:S7481), UsePageableParameterForPagedQueryCheck (java:S7186), UseTransformClassInsteadOfBuildCheck (java:S7478), UselessImportCheck (java:S1128), UselessParenthesesCheck (java:S1110)]
2026-05-08 22:57:22.302 [info] [Info - 22:57:22.302] [org.reflections.Reflections : sonarlint-analysis-scheduler] Reflections took 7 ms to scan 1 urls, producing 25 keys and 261 values
2026-05-08 22:57:22.313 [info] [Debug - 22:57:22.312] [sonarlint : sonarlint-analysis-scheduler] 'JavaSensor' skipped because there are no related files in the current project
2026-05-08 22:57:22.313 [info] [Debug - 22:57:22.313] [sonarlint : sonarlint-analysis-scheduler] 'Python Sensor' skipped because there are no related files in the current project
2026-05-08 22:57:22.314 [info] [Debug - 22:57:22.313] [sonarlint : sonarlint-analysis-scheduler] 'IPython Notebooks Sensor' skipped because there are no related files in the current project
2026-05-08 22:57:22.314 [info] [Debug - 22:57:22.313] [sonarlint : sonarlint-analysis-scheduler] Execute Sensor: HTML
2026-05-08 22:57:22.314 [info] [Debug - 22:57:22.313] [sonarlint : sonarlint-analysis-scheduler] 'XML Sensor' skipped because there are no related files in the current project
2026-05-08 22:57:22.314 [info] [Debug - 22:57:22.313] [sonarlint : sonarlint-analysis-scheduler] 'Code Quality and Security for Go' skipped because there are no related files in the current project
2026-05-08 22:57:22.314 [info] [Debug - 22:57:22.313] [sonarlint : sonarlint-analysis-scheduler] 'PHP sensor' skipped because there are no related files in the current project
2026-05-08 22:57:22.314 [info] [Debug - 22:57:22.313] [sonarlint : sonarlint-analysis-scheduler] 'Analyzer for "php.ini" files' skipped because there are no related files in the current project
2026-05-08 22:57:22.314 [info] [Debug - 22:57:22.313] [sonarlint : sonarlint-analysis-scheduler] 'IaC Terraform Sensor' skipped because there are no related files in the current project
2026-05-08 22:57:22.314 [info] [Debug - 22:57:22.313] [sonarlint : sonarlint-analysis-scheduler] 'IaC CloudFormation Sensor' skipped because there are no related files in the current project
2026-05-08 22:57:22.314 [info] [Debug - 22:57:22.313] [sonarlint : sonarlint-analysis-scheduler] 'IaC Kustomization Sensor' skipped because there are no related files in the current project
2026-05-08 22:57:22.314 [info] [Debug - 22:57:22.313] [sonarlint : sonarlint-analysis-scheduler] 'IaC Azure Resource Manager Sensor' skipped because there are no related files in the current project
2026-05-08 22:57:22.314 [info] [Debug - 22:57:22.313] [sonarlint : sonarlint-analysis-scheduler] Execute Sensor: Java Config Sensor
2026-05-08 22:57:22.314 [info] [Info - 22:57:22.313] [org.sonar.iac.common.extension.IacSensor : sonarlint-analysis-scheduler] There are no files to be analyzed for the Java language
2026-05-08 22:57:22.314 [info] [Debug - 22:57:22.313] [sonarlint : sonarlint-analysis-scheduler] Execute Sensor: IaC Docker Sensor
2026-05-08 22:57:22.314 [info] [Info - 22:57:22.313] [org.sonar.iac.common.extension.IacSensor : sonarlint-analysis-scheduler] There are no files to be analyzed for the Docker language
2026-05-08 22:57:22.314 [info] [Debug - 22:57:22.313] [sonarlint : sonarlint-analysis-scheduler] 'OmniSharp' skipped because there are no related files in the current project
2026-05-08 22:57:22.314 [info] [Debug - 22:57:22.313] [sonarlint : sonarlint-analysis-scheduler] 'IaC Kubernetes Sensor' skipped because there are no related files in the current project
2026-05-08 22:57:22.314 [info] [Debug - 22:57:22.313] [sonarlint : sonarlint-analysis-scheduler] Execute Sensor: CFamily
2026-05-08 22:57:22.320 [info] [Debug - 22:57:22.320] [com.sonar.cpp.plugin.SonarLintSensor : sonarlint-analysis-scheduler] Cached compilation database modified time did not change
2026-05-08 22:57:22.320 [info] [Debug - 22:57:22.320] [com.sonar.cpp.plugin.SonarLintSensor : sonarlint-analysis-scheduler] Time to parse Compilation Database: 0ms
2026-05-08 22:57:22.320 [info] [Debug - 22:57:22.320] [com.sonar.cpp.analyzer.ClangDriver : sonarlint-analysis-scheduler] Using build-wrapper-dump.json probe
2026-05-08 22:57:22.320 [info] [Debug - 22:57:22.320] [com.sonar.cpp.analyzer.ClangDriver : sonarlint-analysis-scheduler] Probing compiler: [g++, -x, c++, -v, -dM, -E, -]
2026-05-08 22:57:22.337 [info] [Debug - 22:57:22.337] [com.sonar.cpp.analyzer.ClangDriver : sonarlint-analysis-scheduler] stdout:
#define __cpp_nontype_template_parameter_auto 201606L
#define __UINT_LEAST16_MAX__ 0xffff
#define __FLT16_HAS_QUIET_NAN__ 1
#define __ATOMIC_ACQUIRE 2
#define __FLT128_MAX_10_EXP__ 4932
#define __GCC_IEC_559_COMPLEX 2
#define __cpp_aggregate_nsdmi 201304L
#define __UINT_LEAST8_TYPE__ unsigned char
#define __SIZEOF_FLOAT80__ 16
#define __BFLT16_DENORM_MIN__ 9.18354961579912115600575419704879436e-41BF16
#define __INTMAX_C(c) c ## L
#define __MOVBE__ 1
#define __UINT8_MAX__ 0xff
#define __SCHAR_WIDTH__ 8
#define __WINT_MAX__ 0xffffffffU
#define __cpp_static_assert 201411L
#define __BFLT16_MIN_10_EXP__ (-37)
#define __ORDER_LITTLE_ENDIAN__ 1234
#define __SSE4_1__ 1
#define __WCHAR_MAX__ 0x7fffffff
#define __GCC_HAVE_SYNC_COMPARE_AND_SWAP_2 1
#define __GCC_HAVE_SYNC_COMPARE_AND_SWAP_4 1
#define __GCC_HAVE_SYNC_COMPARE_AND_SWAP_8 1
#define __GCC_ATOMIC_CHAR_LOCK_FREE 2
#define __GCC_IEC_559 2
#define __FLT32X_DECIMAL_DIG__ 17
#define __FLT_EVAL_METHOD__ 0
#define __cpp_binary_literals 201304L
#define __FLT64_DECIMAL_DIG__ 17
#define __cpp_noexcept_function_type 201510L
#define __DBL_MIN_EXP__ (-1021)
#define __GCC_ATOMIC_CHAR32_T_LOCK_FREE 2
#define __cpp_variadic_templates 200704L
#define __UINT_FAST64_MAX__ 0xffffffffffffffffUL
#define __SIG_ATOMIC_TYPE__ int
#define __DBL_MIN_10_EXP__ (-307)
#define __FINITE_MATH_ONLY__ 0
#define __cpp_variable_templates 201304L
#define __FLT32X_MAX_EXP__ 1024
#define __GCC_HAVE_SYNC_COMPARE_AND_SWAP_1 1
#define __FLT32_HAS_DENORM__ 1
#define __UINT_FAST8_MAX__ 0xff
#define __cpp_rvalue_reference 200610L
#define __cpp_nested_namespace_definitions 201411L
#define __DEC64_MAX_EXP__ 385
#define __INT8_C(c) c
#define __LDBL_HAS_INFINITY__ 1
#define __INT_LEAST8_WIDTH__ 8
#define __cpp_variadic_using 201611L
#define __UINT_LEAST64_MAX__ 0xffffffffffffffffUL
#define __INT_LEAST8_MAX__ 0x7f
#define __cpp_attributes 200809L
#define __cpp_capture_star_this 201603L
#define __SHRT_MAX__ 0x7fff
#define __LDBL_MAX__ 1.18973149535723176502126385303097021e+4932L
#define __FLT64X_MAX_10_EXP__ 4932
#define __cpp_if_constexpr 201606L
#define __BFLT16_MAX_10_EXP__ 38
#define __BFLT16_MAX_EXP__ 128
#define __LDBL_IS_IEC_60559__ 1
#define __FLT64X_HAS_QUIET_NAN__ 1
#define __UINT_LEAST8_MAX__ 0xff
#define __GCC_ATOMIC_BOOL_LOCK_FREE 2
#define __LAHF_SAHF__ 1
#define __FLT128_DENORM_MIN__ 6.47517511943802511092443895822764655e-4966F128
#define __UINTMAX_TYPE__ long unsigned int
#define __cpp_nsdmi 200809L
#define __BFLT16_DECIMAL_DIG__ 4
#define __linux 1
#define __DEC32_EPSILON__ 1E-6DF
#define __FLT_EVAL_METHOD_TS_18661_3__ 0
#define __UINT32_MAX__ 0xffffffffU
#define __GXX_EXPERIMENTAL_CXX0X__ 1
#define __DBL_DENORM_MIN__ double(4.94065645841246544176568792868221372e-324L)
#define __FLT128_MIN_EXP__ (-16381)
#define __WINT_MIN__ 0U
#define __CHAR_BIT__ 8
#define __FLT128_MIN_10_EXP__ (-4931)
#define __FLT32X_IS_IEC_60559__ 1
#define __INT_LEAST16_WIDTH__ 16
#define __SCHAR_MAX__ 0x7f
#define __FLT128_MANT_DIG__ 113
#define __WCHAR_MIN__ (-__WCHAR_MAX__ - 1)
#define __INT64_C(c) c ## L
#define __GCC_ATOMIC_POINTER_LOCK_FREE 2
#define __ATOMIC_SEQ_CST 5
#define __INT_LEAST64_MAX__ 0x7fffffffffffffffL
#define __FLT32X_MANT_DIG__ 53
#define __GCC_ATOMIC_CHAR16_T_LOCK_FREE 2
#define __cpp_aligned_new 201606L
#define __FLT32_MAX_10_EXP__ 38
#define __FLT64X_EPSILON__ 1.08420217248550443400745280086994171e-19F64x
#define __STDC_HOSTED__ 1
#define __cpp_decltype_auto 201304L
#define __FLT_EPSILON__ 1.19209289550781250000000000000000000e-7F
#define __GXX_WEAK__ 1
#define __SHRT_WIDTH__ 16
#define __unix 1
#define __FLT32_IS_IEC_60559__ 1
#define __LDBL_MIN__ 3.36210314311209350626267781732175260e-4932L
#define __DBL_IS_IEC_60559__ 1
#define __DEC32_MAX__ 9.999999E96DF
#define __cpp_threadsafe_static_init 200806L
#define __cpp_enumerator_attributes 201411L
#define __FLT64X_DENORM_MIN__ 3.64519953188247460252840593361941982e-4951F64x
#define __FP_FAST_FMA 1
#define __CRC32__ 1
#define __FLT32X_HAS_INFINITY__ 1
#define __unix__ 1
#define __INT_WIDTH__ 32
#define __STDC_IEC_559__ 1
#define __STDC_ISO_10646__ 201706L
#define __DECIMAL_DIG__ 21
#define __STDC_IEC_559_COMPLEX__ 1
#define __FLT64_EPSILON__ 2.22044604925031308084726333618164062e-16F64
#define __DBL_DIG__ 15
#define __gnu_linux__ 1
#define __INT16_MAX__ 0x7fff
#define __FLT64_MIN_EXP__ (-1021)
#define __FLT64X_MIN_10_EXP__ (-4931)
#define __LDBL_HAS_QUIET_NAN__ 1
#define __cpp_return_type_deduction 201304L
#define __FLT16_MIN_EXP__ (-13)
#define __FLT64_MANT_DIG__ 53
#define __FLT_MIN__ 1.17549435082228750796873653722224568e-38F
#define __FLT64X_MANT_DIG__ 64
#define __BFLT16_DIG__ 2
#define __GNUC__ 14
#define __GXX_RTTI 1
#define __MMX__ 1
#define __FLT_HAS_DENORM__ 1
#define __SIZEOF_LONG_DOUBLE__ 16
#define __BIGGEST_ALIGNMENT__ 32
#define __STDC_UTF_16__ 1
#define __FLT64_MAX_10_EXP__ 308
#define __BFLT16_IS_IEC_60559__ 0
#define __FLT16_MAX_10_EXP__ 4
#define __cpp_delegating_constructors 200604L
#define __DBL_MAX__ double(1.79769313486231570814527423731704357e+308L)
#define __cpp_raw_strings 200710L
#define __INT_FAST32_MAX__ 0x7fffffffffffffffL
#define __DBL_HAS_INFINITY__ 1
#define __INT64_MAX__ 0x7fffffffffffffffL
#define __SSE4_2__ 1
#define __SIZEOF_FLOAT__ 4
#define __cpp_fold_expressions 201603L
#define __DEC32_MIN_EXP__ (-94)
#define __INTPTR_WIDTH__ 64
#define __UINT_LEAST32_MAX__ 0xffffffffU
#define __FLT32X_HAS_DENORM__ 1
#define __INT_FAST16_TYPE__ long int
#define __MMX_WITH_SSE__ 1
#define __LDBL_HAS_DENORM__ 1
#define __FLT_DIG__ 6
#define __SEG_GS 1
#define __BFLT16_EPSILON__ 7.81250000000000000000000000000000000e-3BF16
#define __cplusplus 201703L
#define __cpp_ref_qualifiers 200710L
#define __DEC32_MIN__ 1E-95DF
#define __DEPRECATED 1
#define __POPCNT__ 1
#define __cpp_rvalue_references 200610L
#define __DBL_MAX_EXP__ 1024
#define __WCHAR_WIDTH__ 32
#define __FLT32_MAX__ 3.40282346638528859811704183484516925e+38F32
#define __DEC128_EPSILON__ 1E-33DL
#define __FLT16_DECIMAL_DIG__ 5
#define __SSE2_MATH__ 1
#define __ATOMIC_HLE_RELEASE 131072
#define __PTRDIFF_MAX__ 0x7fffffffffffffffL
#define __FLT128_MAX_EXP__ 16384
#define __amd64 1
#define __AVX__ 1
#define __GNUG__ 14
#define __LONG_LONG_MAX__ 0x7fffffffffffffffLL
#define __SIZEOF_SIZE_T__ 8
#define __LZCNT__ 1
#define __BFLT16_HAS_INFINITY__ 1
#define __FLT64X_MIN_EXP__ (-16381)
#define __SIZEOF_WINT_T__ 4
#define __FLT32X_DIG__ 15
#define __LONG_LONG_WIDTH__ 64
#define __cpp_initializer_lists 200806L
#define __FLT32_MAX_EXP__ 128
#define __cpp_hex_float 201603L
#define __GXX_ABI_VERSION 1019
#define __FLT_MIN_EXP__ (-125)
#define __GCC_HAVE_DWARF2_CFI_ASM 1
#define __x86_64 1
#define __cpp_lambdas 200907L
#define __INT_FAST64_TYPE__ long int
#define __BFLT16_MAX__ 3.38953138925153547590470800371487867e+38BF16
#define __FP_FAST_FMAF 1
#define __FLT64_DENORM_MIN__ 4.94065645841246544176568792868221372e-324F64
#define __cpp_template_auto 201606L
#define __FLT16_DENORM_MIN__ 5.96046447753906250000000000000000000e-8F16
#define __FLT128_EPSILON__ 1.92592994438723585305597794258492732e-34F128
#define __FLT64X_NORM_MAX__ 1.18973149535723176502126385303097021e+4932F64x
#define __SIZEOF_POINTER__ 8
#define __SIZE_TYPE__ long unsigned int
#define __F16C__ 1
#define __LP64__ 1
#define __DBL_HAS_QUIET_NAN__ 1
#define __FLT32X_EPSILON__ 2.22044604925031308084726333618164062e-16F32x
#define __LDBL_MAX_EXP__ 16384
#define __DECIMAL_BID_FORMAT__ 1
#define __FLT64_MIN_10_EXP__ (-307)
#define __FLT16_MIN_10_EXP__ (-4)
#define __FLT64X_DECIMAL_DIG__ 21
#define __DEC128_MIN__ 1E-6143DL
#define __REGISTER_PREFIX__ 
#define __UINT16_MAX__ 0xffff
#define __FLT128_HAS_INFINITY__ 1
#define __FLT32_MIN__ 1.17549435082228750796873653722224568e-38F32
#define __UINT8_TYPE__ unsigned char
#define __XSAVE__ 1
#define __NO_INLINE__ 1
#define __DEC_EVAL_METHOD__ 2
#define __FLT32X_MAX_10_EXP__ 308
#define __LDBL_DECIMAL_DIG__ 21
#define __VERSION__ "14.3.1 20250617 (Red Hat 14.3.1-2)"
#define __UINT64_C(c) c ## UL
#define __cpp_unicode_characters 201411L
#define __FMA__ 1
#define _STDC_PREDEF_H 1
#define __GLIBCXX_TYPE_INT_N_0 __int128
#define __INT_LEAST32_MAX__ 0x7fffffff
#define __GCC_ATOMIC_INT_LOCK_FREE 2
#define __FLT32_MANT_DIG__ 24
#define __FLT16_IS_IEC_60559__ 1
#define __FLOAT_WORD_ORDER__ __ORDER_LITTLE_ENDIAN__
#define __FLT32X_MIN_EXP__ (-1021)
#define __STDC_IEC_60559_COMPLEX__ 201404L
#define __cpp_aggregate_bases 201603L
#define __BFLT16_MIN__ 1.17549435082228750796873653722224568e-38BF16
#define __ATOMIC_HLE_ACQUIRE 65536
#define __FLT128_HAS_DENORM__ 1
#define __FLT32_DECIMAL_DIG__ 9
#define __FLT128_DIG__ 33
#define __INT32_C(c) c
#define __DEC64_EPSILON__ 1E-15DD
#define __ORDER_PDP_ENDIAN__ 3412
#define __DEC128_MIN_EXP__ (-6142)
#define __DEC128_MAX__ 9.999999999999999999999999999999999E6144DL
#define __INT_FAST32_TYPE__ long int
#define __FLT16_MIN__ 6.10351562500000000000000000000000000e-5F16
#define __UINT_LEAST16_TYPE__ short unsigned int
#define __DEC128_MAX_EXP__ 6145
#define unix 1
#define __DBL_HAS_DENORM__ 1
#define __cpp_rtti 199711L
#define __UINT64_MAX__ 0xffffffffffffffffUL
#define __FLT_IS_IEC_60559__ 1
#define __GNUC_WIDE_EXECUTION_CHARSET_NAME "UTF-32LE"
#define __FLT64X_DIG__ 18
#define __INT8_TYPE__ signed char
#define __cpp_digit_separators 201309L
#define __ELF__ 1
#define __GCC_ASM_FLAG_OUTPUTS__ 1
#define __UINT32_TYPE__ unsigned int
#define __BFLT16_HAS_QUIET_NAN__ 1
#define __FLT_RADIX__ 2
#define __INT_LEAST16_TYPE__ short int
#define __LDBL_EPSILON__ 1.08420217248550443400745280086994171e-19L
#define __UINTMAX_C(c) c ## UL
#define __GNUC_RH_RELEASE__ 2
#define __k8 1
#define __FLT32X_MIN__ 2.22507385850720138309023271733240406e-308F32x
#define __SIG_ATOMIC_MAX__ 0x7fffffff
#define __cpp_constexpr 201603L
#define __GCC_ATOMIC_WCHAR_T_LOCK_FREE 2
#define __USER_LABEL_PREFIX__ 
#define __STDC_IEC_60559_BFP__ 201404L
#define __SIZEOF_PTRDIFF_T__ 8
#define __FLT64X_HAS_INFINITY__ 1
#define __BMI__ 1
#define __SIZEOF_LONG__ 8
#define __LDBL_DIG__ 18
#define __FLT64_IS_IEC_60559__ 1
#define __x86_64__ 1
#define __FLT16_MAX_EXP__ 16
#define __DEC32_SUBNORMAL_MIN__ 0.000001E-95DF
#define __INT_FAST16_MAX__ 0x7fffffffffffffffL
#define __GCC_CONSTRUCTIVE_SIZE 64
#define __FLT64_DIG__ 15
#define __UINT_FAST32_MAX__ 0xffffffffffffffffUL
#define __UINT_LEAST64_TYPE__ long unsigned int
#define __FLT16_EPSILON__ 9.76562500000000000000000000000000000e-4F16
#define __FLT_HAS_QUIET_NAN__ 1
#define __FLT_MAX_10_EXP__ 38
#define __FLT64X_HAS_DENORM__ 1
#define __DEC128_SUBNORMAL_MIN__ 0.000000000000000000000000000000001E-6143DL
#define __FLT_HAS_INFINITY__ 1
#define __GNUC_EXECUTION_CHARSET_NAME "UTF-8"
#define __cpp_unicode_literals 200710L
#define __UINT_FAST16_TYPE__ long unsigned int
#define __DEC64_MAX__ 9.999999999999999E384DD
#define __INT_FAST32_WIDTH__ 64
#define __CHAR16_TYPE__ short unsigned int
#define __PRAGMA_REDEFINE_EXTNAME 1
#define __DBL_NORM_MAX__ double(1.79769313486231570814527423731704357e+308L)
#define __SIZE_WIDTH__ 64
#define __SEG_FS 1
#define __INT_LEAST16_MAX__ 0x7fff
#define __FLT16_NORM_MAX__ 6.55040000000000000000000000000000000e+4F16
#define __DEC64_MANT_DIG__ 16
#define __FLT32_DENORM_MIN__ 1.40129846432481707092372958328991613e-45F32
#define __SIG_ATOMIC_WIDTH__ 32
#define __GCC_DESTRUCTIVE_SIZE 64
#define __INT_LEAST64_TYPE__ long int
#define __INT16_TYPE__ short int
#define __INT_LEAST8_TYPE__ signed char
#define __FLT16_MAX__ 6.55040000000000000000000000000000000e+4F16
#define __FLT128_MIN__ 3.36210314311209350626267781732175260e-4932F128
#define __cpp_structured_bindings 201606L
#define __SIZEOF_INT__ 4
#define __DEC32_MAX_EXP__ 97
#define __INT_FAST8_MAX__ 0x7f
#define __FLT128_MAX__ 1.18973149535723176508575932662800702e+4932F128
#define __INTPTR_MAX__ 0x7fffffffffffffffL
#define __cpp_sized_deallocation 201309L
#define __cpp_guaranteed_copy_elision 201606L
#define linux 1
#define __AVX2__ 1
#define __FLT64_HAS_QUIET_NAN__ 1
#define __FLT32_MIN_10_EXP__ (-37)
#define __SSSE3__ 1
#define __EXCEPTIONS 1
#define __UINT16_C(c) c
#define __PTRDIFF_WIDTH__ 64
#define __LDBL_MANT_DIG__ 64
#define __cpp_range_based_for 201603L
#define __INT_FAST16_WIDTH__ 64
#define __FLT64_HAS_INFINITY__ 1
#define __FLT64X_MAX__ 1.18973149535723176502126385303097021e+4932F64x
#define __FLT16_HAS_INFINITY__ 1
#define __STDCPP_DEFAULT_NEW_ALIGNMENT__ 16
#define __SIG_ATOMIC_MIN__ (-__SIG_ATOMIC_MAX__ - 1)
#define __code_model_small__ 1
#define __GCC_ATOMIC_LONG_LOCK_FREE 2
#define __cpp_nontype_template_args 201411L
#define __DEC32_MANT_DIG__ 7
#define __k8__ 1
#define __INTPTR_TYPE__ long int
#define __UINT16_TYPE__ short unsigned int
#define __WCHAR_TYPE__ int
#define __UINTPTR_MAX__ 0xffffffffffffffffUL
#define __INT_FAST64_WIDTH__ 64
#define __cpp_decltype 200707L
#define __INT_FAST64_MAX__ 0x7fffffffffffffffL
#define __GCC_ATOMIC_TEST_AND_SET_TRUEVAL 1
#define __FLT_NORM_MAX__ 3.40282346638528859811704183484516925e+38F
#define __FLT32_HAS_INFINITY__ 1
#define __FLT64X_MAX_EXP__ 16384
#define __UINT_FAST64_TYPE__ long unsigned int
#define __cpp_inline_variables 201606L
#define __BFLT16_MIN_EXP__ (-125)
#define __INT_MAX__ 0x7fffffff
#define __linux__ 1
#define __INT64_TYPE__ long int
#define __FLT_MAX_EXP__ 128
#define __ORDER_BIG_ENDIAN__ 4321
#define __DBL_MANT_DIG__ 53
#define __cpp_inheriting_constructors 201511L
#define __SIZEOF_FLOAT128__ 16
#define __BFLT16_MANT_DIG__ 8
#define __FP_FAST_FMAF32 1
#define __DEC64_MIN__ 1E-383DD
#define __WINT_TYPE__ unsigned int
#define __UINT_LEAST32_TYPE__ unsigned int
#define __SIZEOF_SHORT__ 2
#define __FLT32_NORM_MAX__ 3.40282346638528859811704183484516925e+38F32
#define __SSE__ 1
#define __LDBL_MIN_EXP__ (-16381)
#define __FLT64_MAX__ 1.79769313486231570814527423731704357e+308F64
#define __WINT_WIDTH__ 32
#define __FP_FAST_FMAF64 1
#define __INT_LEAST64_WIDTH__ 64
#define __cpp_namespace_attributes 201411L
#define __SIZEOF_INT128__ 16
#define __FLT64X_IS_IEC_60559__ 1
#define __LDBL_MAX_10_EXP__ 4932
#define __ATOMIC_RELAXED 0
#define __DBL_EPSILON__ double(2.22044604925031308084726333618164062e-16L)
#define __INT_LEAST32_TYPE__ int
#define __FLT32_MIN_EXP__ (-125)
#define _LP64 1
#define __UINT8_C(c) c
#define __FLT64_MAX_EXP__ 1024
#define __SIZEOF_WCHAR_T__ 4
#define __GNUC_PATCHLEVEL__ 1
#define __FLT128_NORM_MAX__ 1.18973149535723176508575932662800702e+4932F128
#define __FLT64_NORM_MAX__ 1.79769313486231570814527423731704357e+308F64
#define __FLT128_HAS_QUIET_NAN__ 1
#define __INTMAX_MAX__ 0x7fffffffffffffffL
#define __SSE3__ 1
#define __INT_FAST8_TYPE__ signed char
#define __FLT64X_MIN__ 3.36210314311209350626267781732175260e-4932F64x
#define __STDCPP_THREADS__ 1
#define __BFLT16_HAS_DENORM__ 1
#define __GNUC_STDC_INLINE__ 1
#define __FLT64_HAS_DENORM__ 1
#define __FLT32_EPSILON__ 1.19209289550781250000000000000000000e-7F32
#define __FP_FAST_FMAF32x 1
#define __FLT16_HAS_DENORM__ 1
#define __DBL_DECIMAL_DIG__ 17
#define __STDC_UTF_32__ 1
#define __INT_FAST8_WIDTH__ 8
#define __FXSR__ 1
#define __FLT32X_MAX__ 1.79769313486231570814527423731704357e+308F32x
#define __BYTE_ORDER__ __ORDER_LITTLE_ENDIAN__
#define __amd64__ 1
#define __INTMAX_WIDTH__ 64
#define __cpp_runtime_arrays 198712L
#define __FLT32_DIG__ 6
#define __UINT64_TYPE__ long unsigned int
#define __UINT32_C(c) c ## U
#define __cpp_alias_templates 200704L
#define __FLT_DENORM_MIN__ 1.40129846432481707092372958328991613e-45F
#define __FLT128_IS_IEC_60559__ 1
#define __INT8_MAX__ 0x7f
#define __LONG_WIDTH__ 64
#define __DBL_MIN__ double(2.22507385850720138309023271733240406e-308L)
#define __INT32_MAX__ 0x7fffffff
#define __UINT_FAST32_TYPE__ long unsigned int
#define __FLT16_MANT_DIG__ 11
#define __FLT32X_NORM_MAX__ 1.79769313486231570814527423731704357e+308F32x
#define __CHAR32_TYPE__ unsigned int
#define __FLT_MAX__ 3.40282346638528859811704183484516925e+38F
#define __SSE2__ 1
#define __cpp_deduction_guides 201703L
#define __BFLT16_NORM_MAX__ 3.38953138925153547590470800371487867e+38BF16
#define __INT32_TYPE__ int
#define __SIZEOF_DOUBLE__ 8
#define __cpp_exceptions 199711L
#define __FLT_MIN_10_EXP__ (-37)
#define __FLT_MANT_DIG__ 24
#define __FLT64_MIN__ 2.22507385850720138309023271733240406e-308F64
#define __INT_LEAST32_WIDTH__ 32
#define __INTMAX_TYPE__ long int
#define __GLIBCXX_BITSIZE_INT_N_0 128
#define __FLT32X_HAS_QUIET_NAN__ 1
#define __ATOMIC_CONSUME 1
#define __GNUC_MINOR__ 3
#define __UINTMAX_MAX__ 0xffffffffffffffffUL
#define __FLT32X_DENORM_MIN__ 4.94065645841246544176568792868221372e-324F32x
#define __cpp_template_template_args 201611L
#define __DBL_MAX_10_EXP__ 308
#define __LDBL_DENORM_MIN__ 3.64519953188247460252840593361941982e-4951L
#define __BMI2__ 1
#define __INT16_C(c) c
#define __STDC__ 1
#define __PTRDIFF_TYPE__ long int
#define __DEC64_MIN_EXP__ (-382)
#define __GCC_HAVE_SYNC_COMPARE_AND_SWAP_16 1
#define __LONG_MAX__ 0x7fffffffffffffffL
#define __FLT32X_MIN_10_EXP__ (-307)
#define __UINTPTR_TYPE__ long unsigned int
#define __FLT16_DIG__ 3
#define __DEC64_SUBNORMAL_MIN__ 0.000000000000001E-383DD
#define __DEC128_MANT_DIG__ 34
#define __LDBL_MIN_10_EXP__ (-4931)
#define __cpp_generic_lambdas 201304L
#define __SSE_MATH__ 1
#define __SIZEOF_LONG_LONG__ 8
#define __cpp_user_defined_literals 200809L
#define __HAVE_SPECULATION_SAFE_VALUE 1
#define __FLT128_DECIMAL_DIG__ 36
#define __GCC_ATOMIC_LLONG_LOCK_FREE 2
#define __FLT32_HAS_QUIET_NAN__ 1
#define __FLT_DECIMAL_DIG__ 9
#define __UINT_FAST16_MAX__ 0xffffffffffffffffUL
#define __LDBL_NORM_MAX__ 1.18973149535723176502126385303097021e+4932L
#define __GCC_ATOMIC_SHORT_LOCK_FREE 2
#define __SIZE_MAX__ 0xffffffffffffffffUL
#define __UINT_FAST8_TYPE__ unsigned char
#define _GNU_SOURCE 1
#define __cpp_init_captures 201304L
#define __ATOMIC_ACQ_REL 4
#define __ATOMIC_RELEASE 3

2026-05-08 22:57:22.337 [info] [Debug - 22:57:22.337] [com.sonar.cpp.analyzer.ClangDriver : sonarlint-analysis-scheduler] stderr:
Using built-in specs.
COLLECT_GCC=g++
OFFLOAD_TARGET_NAMES=nvptx-none:amdgcn-amdhsa
OFFLOAD_TARGET_DEFAULT=1
Target: x86_64-redhat-linux
Configured with: ../configure --enable-bootstrap --enable-languages=c,c++,fortran,lto --prefix=/usr --mandir=/usr/share/man --infodir=/usr/share/info --with-bugurl=http://bugzilla.redhat.com/bugzilla --enable-shared --enable-threads=posix --enable-checking=release --enable-multilib --with-system-zlib --enable-__cxa_atexit --disable-libunwind-exceptions --enable-gnu-unique-object --enable-linker-build-id --with-gcc-major-version-only --enable-libstdcxx-backtrace --with-libstdcxx-zoneinfo=/usr/share/zoneinfo --with-linker-hash-style=gnu --enable-plugin --enable-initfini-array --without-isl --enable-offload-targets=nvptx-none,amdgcn-amdhsa --enable-offload-defaulted --without-cuda-driver --enable-gnu-indirect-function --enable-cet --with-tune=generic --with-arch_64=x86-64-v3 --with-arch_32=x86-64 --build=x86_64-redhat-linux --with-build-config=bootstrap-lto --enable-link-serialization=1 --enable-host-pie --enable-host-bind-now
Thread model: posix
Supported LTO compression algorithms: zlib zstd
gcc version 14.3.1 20250617 (Red Hat 14.3.1-2) (GCC) 
COLLECT_GCC_OPTIONS='-v' '-dM' '-E' '-shared-libgcc' '-mtune=generic' '-march=x86-64-v3'
 /usr/libexec/gcc/x86_64-redhat-linux/14/cc1plus -E -quiet -v -D_GNU_SOURCE - -mtune=generic -march=x86-64-v3 -dM -dumpbase -
ignoring nonexistent directory "/usr/lib/gcc/x86_64-redhat-linux/14/include-fixed"
ignoring nonexistent directory "/usr/lib/gcc/x86_64-redhat-linux/14/../../../../x86_64-redhat-linux/include"
#include "..." search starts here:
#include <...> search starts here:
 /usr/lib/gcc/x86_64-redhat-linux/14/../../../../include/c++/14
 /usr/lib/gcc/x86_64-redhat-linux/14/../../../../include/c++/14/x86_64-redhat-linux
 /usr/lib/gcc/x86_64-redhat-linux/14/../../../../include/c++/14/backward
 /usr/lib/gcc/x86_64-redhat-linux/14/include
 /usr/local/include
 /usr/include
End of search list.
COMPILER_PATH=/usr/libexec/gcc/x86_64-redhat-linux/14/:/usr/libexec/gcc/x86_64-redhat-linux/14/:/usr/libexec/gcc/x86_64-redhat-linux/:/usr/lib/gcc/x86_64-redhat-linux/14/:/usr/lib/gcc/x86_64-redhat-linux/
LIBRARY_PATH=/usr/lib/gcc/x86_64-redhat-linux/14/:/usr/lib/gcc/x86_64-redhat-linux/14/../../../../lib64/:/lib/../lib64/:/usr/lib/../lib64/:/usr/lib/gcc/x86_64-redhat-linux/14/../../../:/lib/:/usr/lib/
COLLECT_GCC_OPTIONS='-v' '-dM' '-E' '-shared-libgcc' '-mtune=generic' '-march=x86-64-v3'

2026-05-08 22:57:22.338 [info] [Info - 22:57:22.338] [com.sonar.cpp.plugin.SonarLintSensor : pool-17-thread-1] [thread-1] Build preamble for /home/godardo/git/sonar_bug/src/c++/main.cpp
2026-05-08 22:57:22.338 [info] [Debug - 22:57:22.338] [com.sonar.cpp.plugin.SonarLintSensor : pool-17-thread-1] [thread-1] Preamble file: /home/godardo/.sonarlint/work/.sonarlinttmp_1710778979983767116/analysis/preamble-file
2026-05-08 22:57:22.348 [info] [Debug - 22:57:22.348] [com.sonar.cpp.plugin.SonarLintSensor : pool-17-thread-1] [thread-1] Preamble built in 10ms
2026-05-08 22:57:22.348 [info] [Info - 22:57:22.348] [com.sonar.cpp.plugin.SonarLintSensor : pool-17-thread-1] [thread-1] /home/godardo/git/sonar_bug/src/c++/main.cpp
2026-05-08 22:57:22.456 [info] [Debug - 22:57:22.456] [sonarlint : pool-17-thread-1] Initializing metadata of file file:///home/godardo/git/sonar_bug/src/c%2B%2B/main.cpp
2026-05-08 22:57:22.477 [info] [Debug - 22:57:22.477] [com.sonar.cpp.plugin.SonarLintSensor : pool-17-thread-1] [thread-1] Analysis done in 128ms
2026-05-08 22:57:22.477 [info] [Info - 22:57:22.477] [com.sonar.cpp.plugin.SonarLintSensor : sonarlint-analysis-scheduler] Analysis done in: 162ms
2026-05-08 22:57:22.477 [info] [Info - 22:57:22.477] [com.sonar.cpp.plugin.SonarLintSensor : sonarlint-analysis-scheduler] 1 compilation units analyzed
2026-05-08 22:57:22.477 [info] [Debug - 22:57:22.477] [sonarlint : sonarlint-analysis-scheduler] 'CFamilyTaintAnalysis' skipped because one of the required properties is missing
2026-05-08 22:57:22.477 [info] [Debug - 22:57:22.477] [sonarlint : sonarlint-analysis-scheduler] Execute Sensor: TextAndSecretsSensor
2026-05-08 22:57:22.477 [info] [Info - 22:57:22.477] [org.sonar.plugins.common.TextAndSecretsSensor : sonarlint-analysis-scheduler] Available processors: 16
2026-05-08 22:57:22.477 [info] [Info - 22:57:22.477] [org.sonar.plugins.common.TextAndSecretsSensor : sonarlint-analysis-scheduler] Using 16 threads for analysis.
2026-05-08 22:57:22.477 [info] [Debug - 22:57:22.477] [org.sonar.plugins.secrets.configuration.SecretsSpecificationContainer : sonarlint-analysis-scheduler] SecretsStateContainer is already initialized, skipping re-initialization.
2026-05-08 22:57:22.478 [info] [Debug - 22:57:22.478] [org.sonar.plugins.secrets.utils.CheckContainer : sonarlint-analysis-scheduler] ChecksContainer is already initialized, skipping re-initialization.
2026-05-08 22:57:22.479 [info] [Info - 22:57:22.478] [org.sonar.plugins.common.TextAndSecretsSensor : sonarlint-analysis-scheduler] Start fetching files for the text and secrets analysis
2026-05-08 22:57:22.479 [info] [Info - 22:57:22.478] [org.sonar.plugins.common.TextAndSecretsSensor : sonarlint-analysis-scheduler] Retrieving all except binary files
2026-05-08 22:57:22.479 [info] [Info - 22:57:22.478] [org.sonar.plugins.common.analyzer.Analyzer : sonarlint-analysis-scheduler] Starting the text and secrets analysis
2026-05-08 22:57:22.479 [info] [Info - 22:57:22.479] [org.sonar.plugins.common.MultiFileProgressReport : Progress of the text and secrets analysis] 1 source file to be analyzed for the text and secrets analysis
2026-05-08 22:57:22.479 [info] [Info - 22:57:22.479] [org.sonar.plugins.common.MultiFileProgressReport : Progress of the text and secrets analysis] 1/1 source file has been analyzed for the text and secrets analysis
2026-05-08 22:57:22.479 [info] [Debug - 22:57:22.479] [org.sonar.plugins.common.analyzer.Analyzer : sonarlint-analysis-scheduler] Analyzed files for the text and secrets analysis: 1
2026-05-08 22:57:22.480 [info] [Info - 22:57:22.480] [sonarlint : sonarlint-analysis-scheduler] Analysis detected 1 issue and 0 Security Hotspots in 231ms
2026-05-08 22:57:22.480 [info] [Debug - 22:57:22.480] [org.jooq.impl.DefaultConnectionProvider : sonarlint-analysis-scheduler] setting auto commit      : false
2026-05-08 22:57:22.482 [info] [Debug - 22:57:22.482] [org.jooq.impl.DefaultConnectionProvider : sonarlint-analysis-scheduler] commit                   
2026-05-08 22:57:22.482 [info] [Debug - 22:57:22.482] [org.jooq.impl.DefaultConnectionProvider : sonarlint-analysis-scheduler] setting auto commit      : true
2026-05-08 22:57:22.489 [info] [Debug - 22:57:22.489] [sonarlint : sonarlint-analysis-scheduler] AiCodeFix optional is present: false
2026-05-08 22:57:22.492 [info] [Debug - 22:57:22.492] [sonarlint : sonarlint-analysis-scheduler] Reporting 1 issues over 1 files for configuration scope file:///home/godardo/git/sonar_bug
